# JRE version: OpenJDK Runtime Environment Temurin-17.0.2+8 (17.0.2+8) (build 17.0.2+8)
# Java VM: OpenJDK 64-Bit Server VM Temurin-17.0.2+8 (17.0.2+8, mixed mode, sharing, tiered, compressed oops, compressed class ptrs, parallel gc, windows-amd64)
GC Precious Log:
 CPUs: 16 total, 16 available
 Memory: 32620M
 Large Page Support: Disabled
 NUMA Support: Disabled
 Compressed Oops: Enabled (32-bit)
 Alignments: Space 512K, Generation 512K, Heap 2M
 Heap Min Capacity: 100M
 Heap Initial Capacity: 100M
 Heap Max Capacity: 1G
 Pre-touch: Disabled
 Parallel Workers: 13
Heap:
 PSYoungGen      total 20480K, used 7402K [0x00000000eab00000, 0x00000000ec480000, 0x0000000100000000)
  eden space 18944K, 31% used [0x00000000eab00000,0x00000000eb0cdc10,0x00000000ebd80000)
  from space 1536K, 95% used [0x00000000ec300000,0x00000000ec46db30,0x00000000ec480000)
  to   space 3072K, 0% used [0x00000000ebe80000,0x00000000ebe80000,0x00000000ec180000)
 ParOldGen       total 68608K, used 38624K [0x00000000c0000000, 0x00000000c4300000, 0x00000000eab00000)
  object space 68608K, 56% used [0x00000000c0000000,0x00000000c25b80e8,0x00000000c4300000)
 Metaspace       used 57349K, committed 58304K, reserved 1105920K
  class space    used 5988K, committed 6400K, reserved 1048576K
GC Heap History (20 events):
Event: 6.372 GC heap before
{Heap before GC invocations=21 (full 2):
 PSYoungGen      total 22528K, used 22144K [0x00000000eab00000, 0x00000000ec480000, 0x0000000100000000)
  eden space 19968K, 100% used [0x00000000eab00000,0x00000000ebe80000,0x00000000ebe80000)
  from space 2560K, 85% used [0x00000000ec200000,0x00000000ec420000,0x00000000ec480000)
  to   space 2560K, 0% used [0x00000000ebf80000,0x00000000ebf80000,0x00000000ec200000)
 ParOldGen       total 68608K, used 27698K [0x00000000c0000000, 0x00000000c4300000, 0x00000000eab00000)
  object space 68608K, 40% used [0x00000000c0000000,0x00000000c1b0c870,0x00000000c4300000)
 Metaspace       used 44142K, committed 44928K, reserved 1089536K
  class space    used 4724K, committed 5056K, reserved 1048576K
}
Event: 6.374 GC heap after
{Heap after GC invocations=21 (full 2):
 PSYoungGen      total 22528K, used 2144K [0x00000000eab00000, 0x00000000ec380000, 0x0000000100000000)
  eden space 19968K, 0% used [0x00000000eab00000,0x00000000eab00000,0x00000000ebe80000)
  from space 2560K, 83% used [0x00000000ebf80000,0x00000000ec198000,0x00000000ec200000)
  to   space 1536K, 0% used [0x00000000ec200000,0x00000000ec200000,0x00000000ec380000)
 ParOldGen       total 68608K, used 29688K [0x00000000c0000000, 0x00000000c4300000, 0x00000000eab00000)
  object space 68608K, 43% used [0x00000000c0000000,0x00000000c1cfe0f0,0x00000000c4300000)
 Metaspace       used 44142K, committed 44928K, reserved 1089536K
  class space    used 4724K, committed 5056K, reserved 1048576K
}
Event: 7.442 GC heap before
{Heap before GC invocations=22 (full 2):
 PSYoungGen      total 22528K, used 22111K [0x00000000eab00000, 0x00000000ec380000, 0x0000000100000000)
  eden space 19968K, 99% used [0x00000000eab00000,0x00000000ebe7fff8,0x00000000ebe80000)
  from space 2560K, 83% used [0x00000000ebf80000,0x00000000ec198000,0x00000000ec200000)
  to   space 1536K, 0% used [0x00000000ec200000,0x00000000ec200000,0x00000000ec380000)
 ParOldGen       total 68608K, used 29688K [0x00000000c0000000, 0x00000000c4300000, 0x00000000eab00000)
  object space 68608K, 43% used [0x00000000c0000000,0x00000000c1cfe0f0,0x00000000c4300000)
 Metaspace       used 44977K, committed 45760K, reserved 1097728K
  class space    used 4809K, committed 5120K, reserved 1048576K
}
Event: 7.444 GC heap after
{Heap after GC invocations=22 (full 2):
 PSYoungGen      total 20992K, used 665K [0x00000000eab00000, 0x00000000ec300000, 0x0000000100000000)
  eden space 19968K, 0% used [0x00000000eab00000,0x00000000eab00000,0x00000000ebe80000)
  from space 1024K, 64% used [0x00000000ec200000,0x00000000ec2a6470,0x00000000ec300000)
  to   space 1536K, 0% used [0x00000000ec000000,0x00000000ec000000,0x00000000ec180000)
 ParOldGen       total 68608K, used 31669K [0x00000000c0000000, 0x00000000c4300000, 0x00000000eab00000)
  object space 68608K, 46% used [0x00000000c0000000,0x00000000c1eed760,0x00000000c4300000)
 Metaspace       used 44977K, committed 45760K, reserved 1097728K
  class space    used 4809K, committed 5120K, reserved 1048576K
}
Event: 7.596 GC heap before
{Heap before GC invocations=23 (full 2):
 PSYoungGen      total 20992K, used 20618K [0x00000000eab00000, 0x00000000ec300000, 0x0000000100000000)
  eden space 19968K, 99% used [0x00000000eab00000,0x00000000ebe7c608,0x00000000ebe80000)
  from space 1024K, 64% used [0x00000000ec200000,0x00000000ec2a6470,0x00000000ec300000)
  to   space 1536K, 0% used [0x00000000ec000000,0x00000000ec000000,0x00000000ec180000)
 ParOldGen       total 68608K, used 31669K [0x00000000c0000000, 0x00000000c4300000, 0x00000000eab00000)
  object space 68608K, 46% used [0x00000000c0000000,0x00000000c1eed760,0x00000000c4300000)
 Metaspace       used 46058K, committed 46912K, reserved 1097728K
  class space    used 4886K, committed 5248K, reserved 1048576K
}
Event: 7.597 GC heap after
{Heap after GC invocations=23 (full 2):
 PSYoungGen      total 21504K, used 722K [0x00000000eab00000, 0x00000000ec280000, 0x0000000100000000)
  eden space 19968K, 0% used [0x00000000eab00000,0x00000000eab00000,0x00000000ebe80000)
  from space 1536K, 47% used [0x00000000ec000000,0x00000000ec0b4ae8,0x00000000ec180000)
  to   space 1024K, 0% used [0x00000000ec180000,0x00000000ec180000,0x00000000ec280000)
 ParOldGen       total 68608K, used 32179K [0x00000000c0000000, 0x00000000c4300000, 0x00000000eab00000)
  object space 68608K, 46% used [0x00000000c0000000,0x00000000c1f6cc90,0x00000000c4300000)
 Metaspace       used 46058K, committed 46912K, reserved 1097728K
  class space    used 4886K, committed 5248K, reserved 1048576K
}
Event: 8.003 GC heap before
{Heap before GC invocations=24 (full 2):
 PSYoungGen      total 21504K, used 20628K [0x00000000eab00000, 0x00000000ec280000, 0x0000000100000000)
  eden space 19968K, 99% used [0x00000000eab00000,0x00000000ebe70748,0x00000000ebe80000)
  from space 1536K, 47% used [0x00000000ec000000,0x00000000ec0b4ae8,0x00000000ec180000)
  to   space 1024K, 0% used [0x00000000ec180000,0x00000000ec180000,0x00000000ec280000)
 ParOldGen       total 68608K, used 32179K [0x00000000c0000000, 0x00000000c4300000, 0x00000000eab00000)
  object space 68608K, 46% used [0x00000000c0000000,0x00000000c1f6cc90,0x00000000c4300000)
 Metaspace       used 48150K, committed 49024K, reserved 1097728K
  class space    used 5183K, committed 5568K, reserved 1048576K
}
Event: 8.004 GC heap after
{Heap after GC invocations=24 (full 2):
 PSYoungGen      total 20992K, used 582K [0x00000000eab00000, 0x00000000ec280000, 0x0000000100000000)
  eden space 19968K, 0% used [0x00000000eab00000,0x00000000eab00000,0x00000000ebe80000)
  from space 1024K, 56% used [0x00000000ec180000,0x00000000ec211ab0,0x00000000ec280000)
  to   space 1024K, 0% used [0x00000000ec080000,0x00000000ec080000,0x00000000ec180000)
 ParOldGen       total 68608K, used 32614K [0x00000000c0000000, 0x00000000c4300000, 0x00000000eab00000)
  object space 68608K, 47% used [0x00000000c0000000,0x00000000c1fd9970,0x00000000c4300000)
 Metaspace       used 48150K, committed 49024K, reserved 1097728K
  class space    used 5183K, committed 5568K, reserved 1048576K
}
Event: 8.752 GC heap before
{Heap before GC invocations=25 (full 2):
 PSYoungGen      total 20992K, used 20387K [0x00000000eab00000, 0x00000000ec280000, 0x0000000100000000)
  eden space 19968K, 99% used [0x00000000eab00000,0x00000000ebe571c8,0x00000000ebe80000)
  from space 1024K, 56% used [0x00000000ec180000,0x00000000ec211ab0,0x00000000ec280000)
  to   space 1024K, 0% used [0x00000000ec080000,0x00000000ec080000,0x00000000ec180000)
 ParOldGen       total 68608K, used 32614K [0x00000000c0000000, 0x00000000c4300000, 0x00000000eab00000)
  object space 68608K, 47% used [0x00000000c0000000,0x00000000c1fd9970,0x00000000c4300000)
 Metaspace       used 49758K, committed 50624K, reserved 1097728K
  class space    used 5324K, committed 5696K, reserved 1048576K
}
Event: 8.754 GC heap after
{Heap after GC invocations=25 (full 2):
 PSYoungGen      total 20992K, used 784K [0x00000000eab00000, 0x00000000ec200000, 0x0000000100000000)
  eden space 19968K, 0% used [0x00000000eab00000,0x00000000eab00000,0x00000000ebe80000)
  from space 1024K, 76% used [0x00000000ec080000,0x00000000ec144180,0x00000000ec180000)
  to   space 512K, 0% used [0x00000000ec180000,0x00000000ec180000,0x00000000ec200000)
 ParOldGen       total 68608K, used 33124K [0x00000000c0000000, 0x00000000c4300000, 0x00000000eab00000)
  object space 68608K, 48% used [0x00000000c0000000,0x00000000c2059168,0x00000000c4300000)
 Metaspace       used 49758K, committed 50624K, reserved 1097728K
  class space    used 5324K, committed 5696K, reserved 1048576K
}
Event: 8.820 GC heap before
{Heap before GC invocations=26 (full 2):
 PSYoungGen      total 20992K, used 20752K [0x00000000eab00000, 0x00000000ec200000, 0x0000000100000000)
  eden space 19968K, 100% used [0x00000000eab00000,0x00000000ebe80000,0x00000000ebe80000)
  from space 1024K, 76% used [0x00000000ec080000,0x00000000ec144180,0x00000000ec180000)
  to   space 512K, 0% used [0x00000000ec180000,0x00000000ec180000,0x00000000ec200000)
 ParOldGen       total 68608K, used 33124K [0x00000000c0000000, 0x00000000c4300000, 0x00000000eab00000)
  object space 68608K, 48% used [0x00000000c0000000,0x00000000c2059168,0x00000000c4300000)
 Metaspace       used 49793K, committed 50624K, reserved 1097728K
  class space    used 5324K, committed 5696K, reserved 1048576K
}
Event: 8.821 GC heap after
{Heap after GC invocations=26 (full 2):
 PSYoungGen      total 20480K, used 508K [0x00000000eab00000, 0x00000000ec380000, 0x0000000100000000)
  eden space 19968K, 0% used [0x00000000eab00000,0x00000000eab00000,0x00000000ebe80000)
  from space 512K, 99% used [0x00000000ec180000,0x00000000ec1ff220,0x00000000ec200000)
  to   space 2560K, 0% used [0x00000000ebe80000,0x00000000ebe80000,0x00000000ec100000)
 ParOldGen       total 68608K, used 34620K [0x00000000c0000000, 0x00000000c4300000, 0x00000000eab00000)
  object space 68608K, 50% used [0x00000000c0000000,0x00000000c21cf158,0x00000000c4300000)
 Metaspace       used 49793K, committed 50624K, reserved 1097728K
  class space    used 5324K, committed 5696K, reserved 1048576K
}
Event: 9.000 GC heap before
{Heap before GC invocations=27 (full 2):
 PSYoungGen      total 20480K, used 20476K [0x00000000eab00000, 0x00000000ec380000, 0x0000000100000000)
  eden space 19968K, 100% used [0x00000000eab00000,0x00000000ebe80000,0x00000000ebe80000)
  from space 512K, 99% used [0x00000000ec180000,0x00000000ec1ff220,0x00000000ec200000)
  to   space 2560K, 0% used [0x00000000ebe80000,0x00000000ebe80000,0x00000000ec100000)
 ParOldGen       total 68608K, used 34620K [0x00000000c0000000, 0x00000000c4300000, 0x00000000eab00000)
  object space 68608K, 50% used [0x00000000c0000000,0x00000000c21cf158,0x00000000c4300000)
 Metaspace       used 51605K, committed 52544K, reserved 1097728K
  class space    used 5483K, committed 5888K, reserved 1048576K
}
Event: 9.001 GC heap after
{Heap after GC invocations=27 (full 2):
 PSYoungGen      total 20480K, used 512K [0x00000000eab00000, 0x00000000ec200000, 0x0000000100000000)
  eden space 19968K, 0% used [0x00000000eab00000,0x00000000eab00000,0x00000000ebe80000)
  from space 512K, 100% used [0x00000000ebe80000,0x00000000ebf00000,0x00000000ebf00000)
  to   space 1536K, 0% used [0x00000000ec080000,0x00000000ec080000,0x00000000ec200000)
 ParOldGen       total 68608K, used 34748K [0x00000000c0000000, 0x00000000c4300000, 0x00000000eab00000)
  object space 68608K, 50% used [0x00000000c0000000,0x00000000c21ef158,0x00000000c4300000)
 Metaspace       used 51605K, committed 52544K, reserved 1097728K
  class space    used 5483K, committed 5888K, reserved 1048576K
}
Event: 9.402 GC heap before
{Heap before GC invocations=28 (full 2):
 PSYoungGen      total 20480K, used 20480K [0x00000000eab00000, 0x00000000ec200000, 0x0000000100000000)
  eden space 19968K, 100% used [0x00000000eab00000,0x00000000ebe80000,0x00000000ebe80000)
  from space 512K, 100% used [0x00000000ebe80000,0x00000000ebf00000,0x00000000ebf00000)
  to   space 1536K, 0% used [0x00000000ec080000,0x00000000ec080000,0x00000000ec200000)
 ParOldGen       total 68608K, used 34748K [0x00000000c0000000, 0x00000000c4300000, 0x00000000eab00000)
  object space 68608K, 50% used [0x00000000c0000000,0x00000000c21ef158,0x00000000c4300000)
 Metaspace       used 53686K, committed 54592K, reserved 1097728K
  class space    used 5672K, committed 6080K, reserved 1048576K
}
Event: 9.404 GC heap after
{Heap after GC invocations=28 (full 2):
 PSYoungGen      total 20480K, used 1511K [0x00000000eab00000, 0x00000000ec480000, 0x0000000100000000)
  eden space 18944K, 0% used [0x00000000eab00000,0x00000000eab00000,0x00000000ebd80000)
  from space 1536K, 98% used [0x00000000ec080000,0x00000000ec1f9c00,0x00000000ec200000)
  to   space 3072K, 0% used [0x00000000ebd80000,0x00000000ebd80000,0x00000000ec080000)
 ParOldGen       total 68608K, used 35739K [0x00000000c0000000, 0x00000000c4300000, 0x00000000eab00000)
  object space 68608K, 52% used [0x00000000c0000000,0x00000000c22e6cb0,0x00000000c4300000)
 Metaspace       used 53686K, committed 54592K, reserved 1097728K
  class space    used 5672K, committed 6080K, reserved 1048576K
}
Event: 9.604 GC heap before
{Heap before GC invocations=29 (full 2):
 PSYoungGen      total 20480K, used 20455K [0x00000000eab00000, 0x00000000ec480000, 0x0000000100000000)
  eden space 18944K, 100% used [0x00000000eab00000,0x00000000ebd80000,0x00000000ebd80000)
  from space 1536K, 98% used [0x00000000ec080000,0x00000000ec1f9c00,0x00000000ec200000)
  to   space 3072K, 0% used [0x00000000ebd80000,0x00000000ebd80000,0x00000000ec080000)
 ParOldGen       total 68608K, used 35739K [0x00000000c0000000, 0x00000000c4300000, 0x00000000eab00000)
  object space 68608K, 52% used [0x00000000c0000000,0x00000000c22e6cb0,0x00000000c4300000)
 Metaspace       used 55054K, committed 56000K, reserved 1105920K
  class space    used 5783K, committed 6208K, reserved 1048576K
}
Event: 9.606 GC heap after
{Heap after GC invocations=29 (full 2):
 PSYoungGen      total 22016K, used 3041K [0x00000000eab00000, 0x00000000ec880000, 0x0000000100000000)
  eden space 18944K, 0% used [0x00000000eab00000,0x00000000eab00000,0x00000000ebd80000)
  from space 3072K, 99% used [0x00000000ebd80000,0x00000000ec0785d0,0x00000000ec080000)
  to   space 5632K, 0% used [0x00000000ec300000,0x00000000ec300000,0x00000000ec880000)
 ParOldGen       total 68608K, used 37653K [0x00000000c0000000, 0x00000000c4300000, 0x00000000eab00000)
  object space 68608K, 54% used [0x00000000c0000000,0x00000000c24c5518,0x00000000c4300000)
 Metaspace       used 55054K, committed 56000K, reserved 1105920K
  class space    used 5783K, committed 6208K, reserved 1048576K
}
Event: 9.965 GC heap before
{Heap before GC invocations=30 (full 2):
 PSYoungGen      total 22016K, used 21985K [0x00000000eab00000, 0x00000000ec880000, 0x0000000100000000)
  eden space 18944K, 100% used [0x00000000eab00000,0x00000000ebd80000,0x00000000ebd80000)
  from space 3072K, 99% used [0x00000000ebd80000,0x00000000ec0785d0,0x00000000ec080000)
  to   space 5632K, 0% used [0x00000000ec300000,0x00000000ec300000,0x00000000ec880000)
 ParOldGen       total 68608K, used 37653K [0x00000000c0000000, 0x00000000c4300000, 0x00000000eab00000)
  object space 68608K, 54% used [0x00000000c0000000,0x00000000c24c5518,0x00000000c4300000)
 Metaspace       used 56730K, committed 57728K, reserved 1105920K
  class space    used 5939K, committed 6400K, reserved 1048576K
}
Event: 9.966 GC heap after
{Heap after GC invocations=30 (full 2):
 PSYoungGen      total 20480K, used 1462K [0x00000000eab00000, 0x00000000ec480000, 0x0000000100000000)
  eden space 18944K, 0% used [0x00000000eab00000,0x00000000eab00000,0x00000000ebd80000)
  from space 1536K, 95% used [0x00000000ec300000,0x00000000ec46db30,0x00000000ec480000)
  to   space 3072K, 0% used [0x00000000ebe80000,0x00000000ebe80000,0x00000000ec180000)
 ParOldGen       total 68608K, used 38624K [0x00000000c0000000, 0x00000000c4300000, 0x00000000eab00000)
  object space 68608K, 56% used [0x00000000c0000000,0x00000000c25b80e8,0x00000000c4300000)
 Metaspace       used 56730K, committed 57728K, reserved 1105920K
  class space    used 5939K, committed 6400K, reserved 1048576K
}

